18:18:37 **** Rebuild of configuration Debug for project Parcial-Laboratorio-2 ****
Info: Internal Builder is used for build
gcc -O0 -g3 -Wall -c -fmessage-length=0 -o "src\\Arcade\\ArcadeController.o" "..\\src\\Arcade\\ArcadeController.c" 
gcc -O0 -g3 -Wall -c -fmessage-length=0 -o "src\\Game\\GameController.o" "..\\src\\Game\\GameController.c" 
gcc -O0 -g3 -Wall -c -fmessage-length=0 -o "src\\Game\\InputGame.o" "..\\src\\Game\\InputGame.c" 
gcc -O0 -g3 -Wall -c -fmessage-length=0 -o "src\\Parser.o" "..\\src\\Parser.c" 
gcc -O0 -g3 -Wall -c -fmessage-length=0 -o "src\\Parcial-Laboratorio-2.o" "..\\src\\Parcial-Laboratorio-2.c" 
gcc -O0 -g3 -Wall -c -fmessage-length=0 -o "src\\Playroom\\PlayroomController.o" "..\\src\\Playroom\\PlayroomController.c" 
gcc -O0 -g3 -Wall -c -fmessage-length=0 -o "src\\Game\\Game.o" "..\\src\\Game\\Game.c" 
gcc -O0 -g3 -Wall -c -fmessage-length=0 -o "src\\Playroom\\InputPlayroom.o" "..\\src\\Playroom\\InputPlayroom.c" 
gcc -O0 -g3 -Wall -c -fmessage-length=0 -o "src\\Relationships\\Relationships_ArcadePlayroomAndGames.o" "..\\src\\Relationships\\Relationships_ArcadePlayroomAndGames.c" 
gcc -O0 -g3 -Wall -c -fmessage-length=0 -o "src\\Arcade\\Arcade.o" "..\\src\\Arcade\\Arcade.c" 
gcc -O0 -g3 -Wall -c -fmessage-length=0 -o "src\\General.o" "..\\src\\General.c" 
gcc -O0 -g3 -Wall -c -fmessage-length=0 -o "src\\LinkedList.o" "..\\src\\LinkedList.c" 
gcc -O0 -g3 -Wall -c -fmessage-length=0 -o "src\\Playroom\\Playroom.o" "..\\src\\Playroom\\Playroom.c" 
gcc -o Parcial-Laboratorio-2.exe "src\\Arcade\\Arcade.o" "src\\Arcade\\ArcadeController.o" "src\\Game\\Game.o" "src\\Game\\GameController.o" "src\\Game\\InputGame.o" "src\\General.o" "src\\LinkedList.o" "src\\Parcial-Laboratorio-2.o" "src\\Parser.o" "src\\Playroom\\InputPlayroom.o" "src\\Playroom\\Playroom.o" "src\\Playroom\\PlayroomController.o" "src\\Relationships\\Relationships_ArcadePlayroomAndGames.o" 
18:28:57 **** Incremental Build of configuration Debug for project Parcial-Laboratorio-2 ****
Info: Internal Builder is used for build
gcc -O0 -g3 -Wall -c -fmessage-length=0 -o "src\\Arcade\\Arcade.o" "..\\src\\Arcade\\Arcade.c" 
gcc -O0 -g3 -Wall -c -fmessage-length=0 -o "src\\Game\\GameController.o" "..\\src\\Game\\GameController.c" 
gcc -O0 -g3 -Wall -c -fmessage-length=0 -o "src\\Playroom\\InputPlayroom.o" "..\\src\\Playroom\\InputPlayroom.c" 
gcc -O0 -g3 -Wall -c -fmessage-length=0 -o "src\\Arcade\\ArcadeController.o" "..\\src\\Arcade\\ArcadeController.c" 
gcc -O0 -g3 -Wall -c -fmessage-length=0 -o "src\\Playroom\\PlayroomController.o" "..\\src\\Playroom\\PlayroomController.c" 
gcc -O0 -g3 -Wall -c -fmessage-length=0 -o "src\\Game\\InputGame.o" "..\\src\\Game\\InputGame.c" 
gcc -o Parcial-Laboratorio-2.exe "src\\Arcade\\Arcade.o" "src\\Arcade\\ArcadeController.o" "src\\Game\\Game.o" "src\\Game\\GameController.o" "src\\Game\\InputGame.o" "src\\General.o" "src\\LinkedList.o" "src\\Parcial-Laboratorio-2.o" "src\\Parser.o" "src\\Playroom\\InputPlayroom.o" "src\\Playroom\\Playroom.o" "src\\Playroom\\PlayroomController.o" "src\\Relationships\\Relationships_ArcadePlayroomAndGames.o" 
18:33:57 **** Incremental Build of configuration Debug for project Parcial-Laboratorio-2 ****
Info: Internal Builder is used for build
gcc -O0 -g3 -Wall -c -fmessage-length=0 -o "src\\Playroom\\InputPlayroom.o" "..\\src\\Playroom\\InputPlayroom.c" 
gcc -o Parcial-Laboratorio-2.exe "src\\Arcade\\Arcade.o" "src\\Arcade\\ArcadeController.o" "src\\Game\\Game.o" "src\\Game\\GameController.o" "src\\Game\\InputGame.o" "src\\General.o" "src\\LinkedList.o" "src\\Parcial-Laboratorio-2.o" "src\\Parser.o" "src\\Playroom\\InputPlayroom.o" "src\\Playroom\\Playroom.o" "src\\Playroom\\PlayroomController.o" "src\\Relationships\\Relationships_ArcadePlayroomAndGames.o" 
Info: Nothing to build for Parcial-Laboratorio-2
Info: Nothing to build for Parcial-Laboratorio-2
19:06:20 **** Incremental Build of configuration Debug for project Parcial-Laboratorio-2 ****
Info: Internal Builder is used for build
gcc -O0 -g3 -Wall -c -fmessage-length=0 -o "src\\Game\\GameController.o" "..\\src\\Game\\GameController.c" 
..\src\Game\GameController.c: In function 'GameController_FilterListPerId':
..\src\Game\GameController.c:133:13: warning: implicit declaration of function 'll_filter' [-Wimplicit-function-declaration]
  133 |   auxList = ll_filter(gamesList, Game_CheckForSameId, id);
      |             ^~~~~~~~~
..\src\Game\GameController.c:133:11: warning: assignment to 'LinkedList *' {aka 'struct LinkedList *'} from 'int' makes pointer from integer without a cast [-Wint-conversion]
  133 |   auxList = ll_filter(gamesList, Game_CheckForSameId, id);
      |           ^
..\src\Game\GameController.c:130:14: warning: variable 'auxList' set but not used [-Wunused-but-set-variable]
  130 |  LinkedList *auxList = ll_newLinkedList();
      |              ^~~~~~~
gcc -O0 -g3 -Wall -c -fmessage-length=0 -o "src\\Game\\Game.o" "..\\src\\Game\\Game.c" 
gcc -O0 -g3 -Wall -c -fmessage-length=0 -o "src\\LinkedList.o" "..\\src\\LinkedList.c" 
..\src\LinkedList.c: In function 'll_filter':
..\src\LinkedList.c:465:8: error: too many arguments to function 'pFunc'
  465 |    if (pFunc(pElement, id) == 1) {
      |        ^~~~~
..\src\LinkedList.c:457:6: warning: unused variable 'r' [-Wunused-variable]
  457 |  int r = -1;
      |      ^
19:06:51 **** Incremental Build of configuration Debug for project Parcial-Laboratorio-2 ****
Info: Internal Builder is used for build
gcc -O0 -g3 -Wall -c -fmessage-length=0 -o "src\\Arcade\\ArcadeController.o" "..\\src\\Arcade\\ArcadeController.c" 
gcc -O0 -g3 -Wall -c -fmessage-length=0 -o "src\\Parser.o" "..\\src\\Parser.c" 
gcc -O0 -g3 -Wall -c -fmessage-length=0 -o "src\\LinkedList.o" "..\\src\\LinkedList.c" 
..\src\LinkedList.c: In function 'll_filter':
..\src\LinkedList.c:464:24: warning: passing argument 2 of 'pFunc' makes pointer from integer without a cast [-Wint-conversion]
  464 |    if (pFunc(pElement, id) == 1) {
      |                        ^~
      |                        |
      |                        int
..\src\LinkedList.c:464:24: note: expected 'int *' but argument is of type 'int'
gcc -O0 -g3 -Wall -c -fmessage-length=0 -o "src\\Relationships\\Relationships_ArcadePlayroomAndGames.o" "..\\src\\Relationships\\Relationships_ArcadePlayroomAndGames.c" 
gcc -O0 -g3 -Wall -c -fmessage-length=0 -o "src\\Parcial-Laboratorio-2.o" "..\\src\\Parcial-Laboratorio-2.c" 
gcc -O0 -g3 -Wall -c -fmessage-length=0 -o "src\\Game\\InputGame.o" "..\\src\\Game\\InputGame.c" 
gcc -O0 -g3 -Wall -c -fmessage-length=0 -o "src\\Playroom\\PlayroomController.o" "..\\src\\Playroom\\PlayroomController.c" 
gcc -o Parcial-Laboratorio-2.exe "src\\Arcade\\Arcade.o" "src\\Arcade\\ArcadeController.o" "src\\Game\\Game.o" "src\\Game\\GameController.o" "src\\Game\\InputGame.o" "src\\General.o" "src\\LinkedList.o" "src\\Parcial-Laboratorio-2.o" "src\\Parser.o" "src\\Playroom\\InputPlayroom.o" "src\\Playroom\\Playroom.o" "src\\Playroom\\PlayroomController.o" "src\\Relationships\\Relationships_ArcadePlayroomAndGames.o" 
19:07:00 **** Incremental Build of configuration Debug for project Parcial-Laboratorio-2 ****
Info: Internal Builder is used for build
gcc -O0 -g3 -Wall -c -fmessage-length=0 -o "src\\LinkedList.o" "..\\src\\LinkedList.c" 
gcc -o Parcial-Laboratorio-2.exe "src\\Arcade\\Arcade.o" "src\\Arcade\\ArcadeController.o" "src\\Game\\Game.o" "src\\Game\\GameController.o" "src\\Game\\InputGame.o" "src\\General.o" "src\\LinkedList.o" "src\\Parcial-Laboratorio-2.o" "src\\Parser.o" "src\\Playroom\\InputPlayroom.o" "src\\Playroom\\Playroom.o" "src\\Playroom\\PlayroomController.o" "src\\Relationships\\Relationships_ArcadePlayroomAndGames.o" 
19:07:53 **** Incremental Build of configuration Debug for project Parcial-Laboratorio-2 ****
Info: Internal Builder is used for build
gcc -O0 -g3 -Wall -c -fmessage-length=0 -o "src\\Game\\GameController.o" "..\\src\\Game\\GameController.c" 
..\src\Game\GameController.c: In function 'GameController_FilterListPerId':
..\src\Game\GameController.c:133:13: warning: implicit declaration of function 'll_filter' [-Wimplicit-function-declaration]
  133 |   auxList = ll_filter(gamesList, Game_CheckForSameId, id);
      |             ^~~~~~~~~
..\src\Game\GameController.c:133:11: warning: assignment to 'LinkedList *' {aka 'struct LinkedList *'} from 'int' makes pointer from integer without a cast [-Wint-conversion]
  133 |   auxList = ll_filter(gamesList, Game_CheckForSameId, id);
      |           ^
gcc -o Parcial-Laboratorio-2.exe "src\\Arcade\\Arcade.o" "src\\Arcade\\ArcadeController.o" "src\\Game\\Game.o" "src\\Game\\GameController.o" "src\\Game\\InputGame.o" "src\\General.o" "src\\LinkedList.o" "src\\Parcial-Laboratorio-2.o" "src\\Parser.o" "src\\Playroom\\InputPlayroom.o" "src\\Playroom\\Playroom.o" "src\\Playroom\\PlayroomController.o" "src\\Relationships\\Relationships_ArcadePlayroomAndGames.o" 
19:08:13 **** Incremental Build of configuration Debug for project Parcial-Laboratorio-2 ****
Info: Internal Builder is used for build
gcc -O0 -g3 -Wall -c -fmessage-length=0 -o "src\\Game\\GameController.o" "..\\src\\Game\\GameController.c" 
..\src\Game\GameController.c: In function 'GameController_FilterListPerId':
..\src\Game\GameController.c:133:34: warning: passing argument 2 of 'll_filter' from incompatible pointer type [-Wincompatible-pointer-types]
  133 |   auxList = ll_filter(gamesList, Game_CheckForSameId, id);
      |                                  ^~~~~~~~~~~~~~~~~~~
      |                                  |
      |                                  int (*)(void *, int)
In file included from ..\src\Game\../Parser.h:16,
                 from ..\src\Game\GameController.h:11,
                 from ..\src\Game\GameController.c:8:
..\src\Game\../LinkedList.h:56:13: note: expected 'int (*)(void *, int *)' but argument is of type 'int (*)(void *, int)'
   56 | LinkedList* ll_filter(LinkedList *this, int (*pFunc)(void*, int*), int id);
      |             ^~~~~~~~~
..\src\Game\GameController.c:133:55: warning: passing argument 3 of 'll_filter' makes integer from pointer without a cast [-Wint-conversion]
  133 |   auxList = ll_filter(gamesList, Game_CheckForSameId, id);
      |                                                       ^~
      |                                                       |
      |                                                       int *
In file included from ..\src\Game\../Parser.h:16,
                 from ..\src\Game\GameController.h:11,
                 from ..\src\Game\GameController.c:8:
..\src\Game\../LinkedList.h:56:13: note: expected 'int' but argument is of type 'int *'
   56 | LinkedList* ll_filter(LinkedList *this, int (*pFunc)(void*, int*), int id);
      |             ^~~~~~~~~
gcc -O0 -g3 -Wall -c -fmessage-length=0 -o "src\\Parser.o" "..\\src\\Parser.c" 
gcc -O0 -g3 -Wall -c -fmessage-length=0 -o "src\\LinkedList.o" "..\\src\\LinkedList.c" 
gcc -O0 -g3 -Wall -c -fmessage-length=0 -o "src\\Playroom\\PlayroomController.o" "..\\src\\Playroom\\PlayroomController.c" 
gcc -O0 -g3 -Wall -c -fmessage-length=0 -o "src\\Relationships\\Relationships_ArcadePlayroomAndGames.o" "..\\src\\Relationships\\Relationships_ArcadePlayroomAndGames.c" 
gcc -O0 -g3 -Wall -c -fmessage-length=0 -o "src\\Arcade\\ArcadeController.o" "..\\src\\Arcade\\ArcadeController.c" 
gcc -O0 -g3 -Wall -c -fmessage-length=0 -o "src\\Parcial-Laboratorio-2.o" "..\\src\\Parcial-Laboratorio-2.c" 
gcc -o Parcial-Laboratorio-2.exe "src\\Arcade\\Arcade.o" "src\\Arcade\\ArcadeController.o" "src\\Game\\Game.o" "src\\Game\\GameController.o" "src\\Game\\InputGame.o" "src\\General.o" "src\\LinkedList.o" "src\\Parcial-Laboratorio-2.o" "src\\Parser.o" "src\\Playroom\\InputPlayroom.o" "src\\Playroom\\Playroom.o" "src\\Playroom\\PlayroomController.o" "src\\Relationships\\Relationships_ArcadePlayroomAndGames.o" 
19:08:42 **** Incremental Build of configuration Debug for project Parcial-Laboratorio-2 ****
Info: Internal Builder is used for build
gcc -O0 -g3 -Wall -c -fmessage-length=0 -o "src\\Game\\GameController.o" "..\\src\\Game\\GameController.c" 
..\src\Game\GameController.c: In function 'GameController_FilterListPerId':
..\src\Game\GameController.c:133:34: warning: passing argument 2 of 'll_filter' from incompatible pointer type [-Wincompatible-pointer-types]
  133 |   auxList = ll_filter(gamesList, Game_CheckForSameId, &id);
      |                                  ^~~~~~~~~~~~~~~~~~~
      |                                  |
      |                                  int (*)(void *, int)
In file included from ..\src\Game\../Parser.h:16,
                 from ..\src\Game\GameController.h:11,
                 from ..\src\Game\GameController.c:8:
..\src\Game\../LinkedList.h:56:13: note: expected 'int (*)(void *, int *)' but argument is of type 'int (*)(void *, int)'
   56 | LinkedList* ll_filter(LinkedList *this, int (*pFunc)(void*, int*), int id);
      |             ^~~~~~~~~
..\src\Game\GameController.c:133:55: warning: passing argument 3 of 'll_filter' makes integer from pointer without a cast [-Wint-conversion]
  133 |   auxList = ll_filter(gamesList, Game_CheckForSameId, &id);
      |                                                       ^~~
      |                                                       |
      |                                                       int **
In file included from ..\src\Game\../Parser.h:16,
                 from ..\src\Game\GameController.h:11,
                 from ..\src\Game\GameController.c:8:
..\src\Game\../LinkedList.h:56:13: note: expected 'int' but argument is of type 'int **'
   56 | LinkedList* ll_filter(LinkedList *this, int (*pFunc)(void*, int*), int id);
      |             ^~~~~~~~~
gcc -o Parcial-Laboratorio-2.exe "src\\Arcade\\Arcade.o" "src\\Arcade\\ArcadeController.o" "src\\Game\\Game.o" "src\\Game\\GameController.o" "src\\Game\\InputGame.o" "src\\General.o" "src\\LinkedList.o" "src\\Parcial-Laboratorio-2.o" "src\\Parser.o" "src\\Playroom\\InputPlayroom.o" "src\\Playroom\\Playroom.o" "src\\Playroom\\PlayroomController.o" "src\\Relationships\\Relationships_ArcadePlayroomAndGames.o" 
19:08:51 **** Incremental Build of configuration Debug for project Parcial-Laboratorio-2 ****
Info: Internal Builder is used for build
gcc -O0 -g3 -Wall -c -fmessage-length=0 -o "src\\Game\\GameController.o" "..\\src\\Game\\GameController.c" 
..\src\Game\GameController.c: In function 'GameController_FilterListPerId':
..\src\Game\GameController.c:133:34: warning: passing argument 2 of 'll_filter' from incompatible pointer type [-Wincompatible-pointer-types]
  133 |   auxList = ll_filter(gamesList, Game_CheckForSameId, &id);
      |                                  ^~~~~~~~~~~~~~~~~~~
      |                                  |
      |                                  int (*)(void *, int)
In file included from ..\src\Game\../Parser.h:16,
                 from ..\src\Game\GameController.h:11,
                 from ..\src\Game\GameController.c:8:
..\src\Game\../LinkedList.h:56:13: note: expected 'int (*)(void *, int *)' but argument is of type 'int (*)(void *, int)'
   56 | LinkedList* ll_filter(LinkedList *this, int (*pFunc)(void*, int*), int id);
      |             ^~~~~~~~~
..\src\Game\GameController.c:133:55: warning: passing argument 3 of 'll_filter' makes integer from pointer without a cast [-Wint-conversion]
  133 |   auxList = ll_filter(gamesList, Game_CheckForSameId, &id);
      |                                                       ^~~
      |                                                       |
      |                                                       int *
In file included from ..\src\Game\../Parser.h:16,
                 from ..\src\Game\GameController.h:11,
                 from ..\src\Game\GameController.c:8:
..\src\Game\../LinkedList.h:56:13: note: expected 'int' but argument is of type 'int *'
   56 | LinkedList* ll_filter(LinkedList *this, int (*pFunc)(void*, int*), int id);
      |             ^~~~~~~~~
gcc -o Parcial-Laboratorio-2.exe "src\\Arcade\\Arcade.o" "src\\Arcade\\ArcadeController.o" "src\\Game\\Game.o" "src\\Game\\GameController.o" "src\\Game\\InputGame.o" "src\\General.o" "src\\LinkedList.o" "src\\Parcial-Laboratorio-2.o" "src\\Parser.o" "src\\Playroom\\InputPlayroom.o" "src\\Playroom\\Playroom.o" "src\\Playroom\\PlayroomController.o" "src\\Relationships\\Relationships_ArcadePlayroomAndGames.o" 
19:08:54 **** Incremental Build of configuration Debug for project Parcial-Laboratorio-2 ****
Info: Internal Builder is used for build
gcc -O0 -g3 -Wall -c -fmessage-length=0 -o "src\\Game\\GameController.o" "..\\src\\Game\\GameController.c" 
..\src\Game\GameController.c: In function 'GameController_FilterListPerId':
..\src\Game\GameController.c:133:34: warning: passing argument 2 of 'll_filter' from incompatible pointer type [-Wincompatible-pointer-types]
  133 |   auxList = ll_filter(gamesList, Game_CheckForSameId, id);
      |                                  ^~~~~~~~~~~~~~~~~~~
      |                                  |
      |                                  int (*)(void *, int)
In file included from ..\src\Game\../Parser.h:16,
                 from ..\src\Game\GameController.h:11,
                 from ..\src\Game\GameController.c:8:
..\src\Game\../LinkedList.h:56:13: note: expected 'int (*)(void *, int *)' but argument is of type 'int (*)(void *, int)'
   56 | LinkedList* ll_filter(LinkedList *this, int (*pFunc)(void*, int*), int id);
      |             ^~~~~~~~~
gcc -o Parcial-Laboratorio-2.exe "src\\Arcade\\Arcade.o" "src\\Arcade\\ArcadeController.o" "src\\Game\\Game.o" "src\\Game\\GameController.o" "src\\Game\\InputGame.o" "src\\General.o" "src\\LinkedList.o" "src\\Parcial-Laboratorio-2.o" "src\\Parser.o" "src\\Playroom\\InputPlayroom.o" "src\\Playroom\\Playroom.o" "src\\Playroom\\PlayroomController.o" "src\\Relationships\\Relationships_ArcadePlayroomAndGames.o" 
19:09:13 **** Incremental Build of configuration Debug for project Parcial-Laboratorio-2 ****
Info: Internal Builder is used for build
gcc -O0 -g3 -Wall -c -fmessage-length=0 -o "src\\Game\\GameController.o" "..\\src\\Game\\GameController.c" 
..\src\Game\GameController.c: In function 'GameController_FilterListPerId':
..\src\Game\GameController.c:133:55: error: invalid type argument of unary '*' (have 'int')
  133 |   auxList = ll_filter(gamesList, Game_CheckForSameId, *id);
      |                                                       ^~~
..\src\Game\GameController.c:133:34: warning: passing argument 2 of 'll_filter' from incompatible pointer type [-Wincompatible-pointer-types]
  133 |   auxList = ll_filter(gamesList, Game_CheckForSameId, *id);
      |                                  ^~~~~~~~~~~~~~~~~~~
      |                                  |
      |                                  int (*)(void *, int)
In file included from ..\src\Game\../Parser.h:16,
                 from ..\src\Game\GameController.h:11,
                 from ..\src\Game\GameController.c:8:
..\src\Game\../LinkedList.h:56:13: note: expected 'int (*)(void *, int *)' but argument is of type 'int (*)(void *, int)'
   56 | LinkedList* ll_filter(LinkedList *this, int (*pFunc)(void*, int*), int id);
      |             ^~~~~~~~~
19:09:17 **** Incremental Build of configuration Debug for project Parcial-Laboratorio-2 ****
Info: Internal Builder is used for build
gcc -O0 -g3 -Wall -c -fmessage-length=0 -o "src\\Game\\GameController.o" "..\\src\\Game\\GameController.c" 
..\src\Game\GameController.c: In function 'GameController_FilterListPerId':
..\src\Game\GameController.c:133:34: warning: passing argument 2 of 'll_filter' from incompatible pointer type [-Wincompatible-pointer-types]
  133 |   auxList = ll_filter(gamesList, Game_CheckForSameId, &id);
      |                                  ^~~~~~~~~~~~~~~~~~~
      |                                  |
      |                                  int (*)(void *, int)
In file included from ..\src\Game\../Parser.h:16,
                 from ..\src\Game\GameController.h:11,
                 from ..\src\Game\GameController.c:8:
..\src\Game\../LinkedList.h:56:13: note: expected 'int (*)(void *, int *)' but argument is of type 'int (*)(void *, int)'
   56 | LinkedList* ll_filter(LinkedList *this, int (*pFunc)(void*, int*), int id);
      |             ^~~~~~~~~
..\src\Game\GameController.c:133:55: warning: passing argument 3 of 'll_filter' makes integer from pointer without a cast [-Wint-conversion]
  133 |   auxList = ll_filter(gamesList, Game_CheckForSameId, &id);
      |                                                       ^~~
      |                                                       |
      |                                                       int *
In file included from ..\src\Game\../Parser.h:16,
                 from ..\src\Game\GameController.h:11,
                 from ..\src\Game\GameController.c:8:
..\src\Game\../LinkedList.h:56:13: note: expected 'int' but argument is of type 'int *'
   56 | LinkedList* ll_filter(LinkedList *this, int (*pFunc)(void*, int*), int id);
      |             ^~~~~~~~~
gcc -o Parcial-Laboratorio-2.exe "src\\Arcade\\Arcade.o" "src\\Arcade\\ArcadeController.o" "src\\Game\\Game.o" "src\\Game\\GameController.o" "src\\Game\\InputGame.o" "src\\General.o" "src\\LinkedList.o" "src\\Parcial-Laboratorio-2.o" "src\\Parser.o" "src\\Playroom\\InputPlayroom.o" "src\\Playroom\\Playroom.o" "src\\Playroom\\PlayroomController.o" "src\\Relationships\\Relationships_ArcadePlayroomAndGames.o" 
19:09:49 **** Incremental Build of configuration Debug for project Parcial-Laboratorio-2 ****
Info: Internal Builder is used for build
gcc -O0 -g3 -Wall -c -fmessage-length=0 -o "src\\LinkedList.o" "..\\src\\LinkedList.c" 
..\src\LinkedList.c:456:13: error: conflicting types for 'll_filter'
  456 | LinkedList* ll_filter(LinkedList *this, int (*pFunc)(void*, int), int id) {
      |             ^~~~~~~~~
In file included from ..\src\LinkedList.c:4:
..\src\LinkedList.h:56:13: note: previous declaration of 'll_filter' was here
   56 | LinkedList* ll_filter(LinkedList *this, int (*pFunc)(void*, int*), int id);
      |             ^~~~~~~~~
19:09:56 **** Incremental Build of configuration Debug for project Parcial-Laboratorio-2 ****
Info: Internal Builder is used for build
gcc -O0 -g3 -Wall -c -fmessage-length=0 -o "src\\Parser.o" "..\\src\\Parser.c" 
gcc -O0 -g3 -Wall -c -fmessage-length=0 -o "src\\LinkedList.o" "..\\src\\LinkedList.c" 
gcc -O0 -g3 -Wall -c -fmessage-length=0 -o "src\\Arcade\\ArcadeController.o" "..\\src\\Arcade\\ArcadeController.c" 
gcc -O0 -g3 -Wall -c -fmessage-length=0 -o "src\\Parcial-Laboratorio-2.o" "..\\src\\Parcial-Laboratorio-2.c" 
gcc -O0 -g3 -Wall -c -fmessage-length=0 -o "src\\Playroom\\PlayroomController.o" "..\\src\\Playroom\\PlayroomController.c" 
gcc -O0 -g3 -Wall -c -fmessage-length=0 -o "src\\Relationships\\Relationships_ArcadePlayroomAndGames.o" "..\\src\\Relationships\\Relationships_ArcadePlayroomAndGames.c" 
gcc -O0 -g3 -Wall -c -fmessage-length=0 -o "src\\Game\\GameController.o" "..\\src\\Game\\GameController.c" 
..\src\Game\GameController.c: In function 'GameController_FilterListPerId':
..\src\Game\GameController.c:133:55: warning: passing argument 3 of 'll_filter' makes integer from pointer without a cast [-Wint-conversion]
  133 |   auxList = ll_filter(gamesList, Game_CheckForSameId, &id);
      |                                                       ^~~
      |                                                       |
      |                                                       int *
In file included from ..\src\Game\../Parser.h:16,
                 from ..\src\Game\GameController.h:11,
                 from ..\src\Game\GameController.c:8:
..\src\Game\../LinkedList.h:56:13: note: expected 'int' but argument is of type 'int *'
   56 | LinkedList* ll_filter(LinkedList *this, int (*pFunc)(void*, int), int id);
      |             ^~~~~~~~~
gcc -o Parcial-Laboratorio-2.exe "src\\Arcade\\Arcade.o" "src\\Arcade\\ArcadeController.o" "src\\Game\\Game.o" "src\\Game\\GameController.o" "src\\Game\\InputGame.o" "src\\General.o" "src\\LinkedList.o" "src\\Parcial-Laboratorio-2.o" "src\\Parser.o" "src\\Playroom\\InputPlayroom.o" "src\\Playroom\\Playroom.o" "src\\Playroom\\PlayroomController.o" "src\\Relationships\\Relationships_ArcadePlayroomAndGames.o" 
19:10:13 **** Incremental Build of configuration Debug for project Parcial-Laboratorio-2 ****
Info: Internal Builder is used for build
gcc -O0 -g3 -Wall -c -fmessage-length=0 -o "src\\Game\\GameController.o" "..\\src\\Game\\GameController.c" 
gcc -o Parcial-Laboratorio-2.exe "src\\Arcade\\Arcade.o" "src\\Arcade\\ArcadeController.o" "src\\Game\\Game.o" "src\\Game\\GameController.o" "src\\Game\\InputGame.o" "src\\General.o" "src\\LinkedList.o" "src\\Parcial-Laboratorio-2.o" "src\\Parser.o" "src\\Playroom\\InputPlayroom.o" "src\\Playroom\\Playroom.o" "src\\Playroom\\PlayroomController.o" "src\\Relationships\\Relationships_ArcadePlayroomAndGames.o" 
19:11:04 **** Incremental Build of configuration Debug for project Parcial-Laboratorio-2 ****
Info: Internal Builder is used for build
gcc -O0 -g3 -Wall -c -fmessage-length=0 -o "src\\Parcial-Laboratorio-2.o" "..\\src\\Parcial-Laboratorio-2.c" 
..\src\Parcial-Laboratorio-2.c: In function 'main':
..\src\Parcial-Laboratorio-2.c:197:8: warning: implicit declaration of function 'GameController_FilterListPerId' [-Wimplicit-function-declaration]
  197 |        GameController_FilterListPerId(listOfGames, 3);
      |        ^~~~~~~~~~~~~~~~~~~~~~~~~~~~~~
gcc -o Parcial-Laboratorio-2.exe "src\\Arcade\\Arcade.o" "src\\Arcade\\ArcadeController.o" "src\\Game\\Game.o" "src\\Game\\GameController.o" "src\\Game\\InputGame.o" "src\\General.o" "src\\LinkedList.o" "src\\Parcial-Laboratorio-2.o" "src\\Parser.o" "src\\Playroom\\InputPlayroom.o" "src\\Playroom\\Playroom.o" "src\\Playroom\\PlayroomController.o" "src\\Relationships\\Relationships_ArcadePlayroomAndGames.o" 
19:11:19 **** Incremental Build of configuration Debug for project Parcial-Laboratorio-2 ****
Info: Internal Builder is used for build
gcc -O0 -g3 -Wall -c -fmessage-length=0 -o "src\\Parcial-Laboratorio-2.o" "..\\src\\Parcial-Laboratorio-2.c" 
gcc -O0 -g3 -Wall -c -fmessage-length=0 -o "src\\Game\\GameController.o" "..\\src\\Game\\GameController.c" 
gcc -O0 -g3 -Wall -c -fmessage-length=0 -o "src\\Relationships\\Relationships_ArcadePlayroomAndGames.o" "..\\src\\Relationships\\Relationships_ArcadePlayroomAndGames.c" 
gcc -o Parcial-Laboratorio-2.exe "src\\Arcade\\Arcade.o" "src\\Arcade\\ArcadeController.o" "src\\Game\\Game.o" "src\\Game\\GameController.o" "src\\Game\\InputGame.o" "src\\General.o" "src\\LinkedList.o" "src\\Parcial-Laboratorio-2.o" "src\\Parser.o" "src\\Playroom\\InputPlayroom.o" "src\\Playroom\\Playroom.o" "src\\Playroom\\PlayroomController.o" "src\\Relationships\\Relationships_ArcadePlayroomAndGames.o" 
19:14:23 **** Incremental Build of configuration Debug for project Parcial-Laboratorio-2 ****
Info: Internal Builder is used for build
gcc -O0 -g3 -Wall -c -fmessage-length=0 -o "src\\Parcial-Laboratorio-2.o" "..\\src\\Parcial-Laboratorio-2.c" 
..\src\Parcial-Laboratorio-2.c: In function 'main':
..\src\Parcial-Laboratorio-2.c:197:8: warning: implicit declaration of function 'GameController_FilterListPerId'; did you mean 'GameController_FilterListPerGenre'? [-Wimplicit-function-declaration]
  197 |        GameController_FilterListPerId(listOfGames, 3);
      |        ^~~~~~~~~~~~~~~~~~~~~~~~~~~~~~
      |        GameController_FilterListPerGenre
gcc -O0 -g3 -Wall -c -fmessage-length=0 -o "src\\Game\\GameController.o" "..\\src\\Game\\GameController.c" 
gcc -O0 -g3 -Wall -c -fmessage-length=0 -o "src\\Game\\Game.o" "..\\src\\Game\\Game.c" 
gcc -O0 -g3 -Wall -c -fmessage-length=0 -o "src\\Relationships\\Relationships_ArcadePlayroomAndGames.o" "..\\src\\Relationships\\Relationships_ArcadePlayroomAndGames.c" 
gcc -O0 -g3 -Wall -c -fmessage-length=0 -o "src\\LinkedList.o" "..\\src\\LinkedList.c" 
gcc -o Parcial-Laboratorio-2.exe "src\\Arcade\\Arcade.o" "src\\Arcade\\ArcadeController.o" "src\\Game\\Game.o" "src\\Game\\GameController.o" "src\\Game\\InputGame.o" "src\\General.o" "src\\LinkedList.o" "src\\Parcial-Laboratorio-2.o" "src\\Parser.o" "src\\Playroom\\InputPlayroom.o" "src\\Playroom\\Playroom.o" "src\\Playroom\\PlayroomController.o" "src\\Relationships\\Relationships_ArcadePlayroomAndGames.o" 
c:/mingw/bin/../lib/gcc/mingw32/9.2.0/../../../../mingw32/bin/ld.exe: src\Game\GameController.o: in function `GameController_FilterListPerGenre':
C:\Users\gonza\Documents\Parcial-laboratorio\Parcial-Laboratorio-2\Debug/../src/Game/GameController.c:133: undefined reference to `Game_CheckForSameId'
c:/mingw/bin/../lib/gcc/mingw32/9.2.0/../../../../mingw32/bin/ld.exe: src\Parcial-Laboratorio-2.o: in function `main':
C:\Users\gonza\Documents\Parcial-laboratorio\Parcial-Laboratorio-2\Debug/../src/Parcial-Laboratorio-2.c:197: undefined reference to `GameController_FilterListPerId'
collect2.exe: error: ld returned 1 exit status
19:15:00 **** Incremental Build of configuration Debug for project Parcial-Laboratorio-2 ****
Info: Internal Builder is used for build
gcc -O0 -g3 -Wall -c -fmessage-length=0 -o "src\\Parcial-Laboratorio-2.o" "..\\src\\Parcial-Laboratorio-2.c" 
gcc -O0 -g3 -Wall -c -fmessage-length=0 -o "src\\Game\\GameController.o" "..\\src\\Game\\GameController.c" 
..\src\Game\GameController.c: In function 'GameController_FilterListPerGenre':
..\src\Game\GameController.c:133:34: error: 'Game_CheckForSameGenre' undeclared (first use in this function); did you mean 'Game_CheckForSameId'?
  133 |   auxList = ll_filter(gamesList, Game_CheckForSameGenre, genre);
      |                                  ^~~~~~~~~~~~~~~~~~~~~~
      |                                  Game_CheckForSameId
..\src\Game\GameController.c:133:34: note: each undeclared identifier is reported only once for each function it appears in
19:15:23 **** Incremental Build of configuration Debug for project Parcial-Laboratorio-2 ****
Info: Internal Builder is used for build
gcc -O0 -g3 -Wall -c -fmessage-length=0 -o "src\\Relationships\\Relationships_ArcadePlayroomAndGames.o" "..\\src\\Relationships\\Relationships_ArcadePlayroomAndGames.c" 
gcc -O0 -g3 -Wall -c -fmessage-length=0 -o "src\\Game\\GameController.o" "..\\src\\Game\\GameController.c" 
gcc -O0 -g3 -Wall -c -fmessage-length=0 -o "src\\Game\\Game.o" "..\\src\\Game\\Game.c" 
gcc -O0 -g3 -Wall -c -fmessage-length=0 -o "src\\Parcial-Laboratorio-2.o" "..\\src\\Parcial-Laboratorio-2.c" 
gcc -O0 -g3 -Wall -c -fmessage-length=0 -o "src\\Arcade\\ArcadeController.o" "..\\src\\Arcade\\ArcadeController.c" 
gcc -O0 -g3 -Wall -c -fmessage-length=0 -o "src\\Parser.o" "..\\src\\Parser.c" 
gcc -O0 -g3 -Wall -c -fmessage-length=0 -o "src\\Game\\InputGame.o" "..\\src\\Game\\InputGame.c" 
gcc -O0 -g3 -Wall -c -fmessage-length=0 -o "src\\Playroom\\PlayroomController.o" "..\\src\\Playroom\\PlayroomController.c" 
gcc -o Parcial-Laboratorio-2.exe "src\\Arcade\\Arcade.o" "src\\Arcade\\ArcadeController.o" "src\\Game\\Game.o" "src\\Game\\GameController.o" "src\\Game\\InputGame.o" "src\\General.o" "src\\LinkedList.o" "src\\Parcial-Laboratorio-2.o" "src\\Parser.o" "src\\Playroom\\InputPlayroom.o" "src\\Playroom\\Playroom.o" "src\\Playroom\\PlayroomController.o" "src\\Relationships\\Relationships_ArcadePlayroomAndGames.o" 
Info: Nothing to build for Parcial-Laboratorio-2
19:21:26 **** Incremental Build of configuration Debug for project Parcial-Laboratorio-2 ****
Info: Internal Builder is used for build
gcc -O0 -g3 -Wall -c -fmessage-length=0 -o "src\\Relationships\\Relationships_ArcadePlayroomAndGames.o" "..\\src\\Relationships\\Relationships_ArcadePlayroomAndGames.c" 
gcc -O0 -g3 -Wall -c -fmessage-length=0 -o "src\\Parcial-Laboratorio-2.o" "..\\src\\Parcial-Laboratorio-2.c" 
gcc -O0 -g3 -Wall -c -fmessage-length=0 -o "src\\Game\\GameController.o" "..\\src\\Game\\GameController.c" 
..\src\Game\GameController.c: In function 'GameController_FilterListPerGenre':
..\src\Game\GameController.c:134:7: warning: implicit declaration of function 'Game_AskForGameGenre'; did you mean 'Game_CheckForSameGenre'? [-Wimplicit-function-declaration]
  134 |   if (Game_AskForGameGenre(&genre) == 0) {
      |       ^~~~~~~~~~~~~~~~~~~~
      |       Game_CheckForSameGenre
gcc -O0 -g3 -Wall -c -fmessage-length=0 -o "src\\Game\\InputGame.o" "..\\src\\Game\\InputGame.c" 
..\src\Game\InputGame.c: In function 'Game_AskForGameGenre':
..\src\Game\InputGame.c:44:53: warning: passing argument 5 of 'utn_getNumero' from incompatible pointer type [-Wincompatible-pointer-types]
   44 |    "Ha habido un error, vuelva a intentar\n", 1, 3, &genre) == 0) {
      |                                                     ^~~~~~
      |                                                     |
      |                                                     int **
In file included from ..\src\Game\InputGame.h:11,
                 from ..\src\Game\InputGame.c:11:
..\src\Game\../General.h:16:8: note: expected 'int *' but argument is of type 'int **'
   16 |   int *number1);
      |   ~~~~~^~~~~~~
gcc -o Parcial-Laboratorio-2.exe "src\\Arcade\\Arcade.o" "src\\Arcade\\ArcadeController.o" "src\\Game\\Game.o" "src\\Game\\GameController.o" "src\\Game\\InputGame.o" "src\\General.o" "src\\LinkedList.o" "src\\Parcial-Laboratorio-2.o" "src\\Parser.o" "src\\Playroom\\InputPlayroom.o" "src\\Playroom\\Playroom.o" "src\\Playroom\\PlayroomController.o" "src\\Relationships\\Relationships_ArcadePlayroomAndGames.o" 
19:21:33 **** Incremental Build of configuration Debug for project Parcial-Laboratorio-2 ****
Info: Internal Builder is used for build
gcc -O0 -g3 -Wall -c -fmessage-length=0 -o "src\\Game\\GameController.o" "..\\src\\Game\\GameController.c" 
..\src\Game\GameController.c: In function 'GameController_FilterListPerGenre':
..\src\Game\GameController.c:134:7: warning: implicit declaration of function 'Game_AskForGameGenre'; did you mean 'Game_CheckForSameGenre'? [-Wimplicit-function-declaration]
  134 |   if (Game_AskForGameGenre(genre) == 0) {
      |       ^~~~~~~~~~~~~~~~~~~~
      |       Game_CheckForSameGenre
..\src\Game\GameController.c:133:24: warning: 'genre' may be used uninitialized in this function [-Wmaybe-uninitialized]
  133 |  if (gamesList != NULL && genre > 0) {
      |      ~~~~~~~~~~~~~~~~~~^~~~~~~~~~~~
gcc -o Parcial-Laboratorio-2.exe "src\\Arcade\\Arcade.o" "src\\Arcade\\ArcadeController.o" "src\\Game\\Game.o" "src\\Game\\GameController.o" "src\\Game\\InputGame.o" "src\\General.o" "src\\LinkedList.o" "src\\Parcial-Laboratorio-2.o" "src\\Parser.o" "src\\Playroom\\InputPlayroom.o" "src\\Playroom\\Playroom.o" "src\\Playroom\\PlayroomController.o" "src\\Relationships\\Relationships_ArcadePlayroomAndGames.o" 
19:21:38 **** Incremental Build of configuration Debug for project Parcial-Laboratorio-2 ****
Info: Internal Builder is used for build
gcc -O0 -g3 -Wall -c -fmessage-length=0 -o "src\\Game\\GameController.o" "..\\src\\Game\\GameController.c" 
..\src\Game\GameController.c: In function 'GameController_FilterListPerGenre':
..\src\Game\GameController.c:134:7: warning: implicit declaration of function 'Game_AskForGameGenre'; did you mean 'Game_CheckForSameGenre'? [-Wimplicit-function-declaration]
  134 |   if (Game_AskForGameGenre(&genre) == 0) {
      |       ^~~~~~~~~~~~~~~~~~~~
      |       Game_CheckForSameGenre
gcc -o Parcial-Laboratorio-2.exe "src\\Arcade\\Arcade.o" "src\\Arcade\\ArcadeController.o" "src\\Game\\Game.o" "src\\Game\\GameController.o" "src\\Game\\InputGame.o" "src\\General.o" "src\\LinkedList.o" "src\\Parcial-Laboratorio-2.o" "src\\Parser.o" "src\\Playroom\\InputPlayroom.o" "src\\Playroom\\Playroom.o" "src\\Playroom\\PlayroomController.o" "src\\Relationships\\Relationships_ArcadePlayroomAndGames.o" 
19:21:57 **** Incremental Build of configuration Debug for project Parcial-Laboratorio-2 ****
Info: Internal Builder is used for build
gcc -O0 -g3 -Wall -c -fmessage-length=0 -o "src\\Parcial-Laboratorio-2.o" "..\\src\\Parcial-Laboratorio-2.c" 
gcc -O0 -g3 -Wall -c -fmessage-length=0 -o "src\\Game\\InputGame.o" "..\\src\\Game\\InputGame.c" 
..\src\Game\InputGame.c: In function 'Game_AskForGameGenre':
..\src\Game\InputGame.c:44:53: warning: passing argument 5 of 'utn_getNumero' from incompatible pointer type [-Wincompatible-pointer-types]
   44 |    "Ha habido un error, vuelva a intentar\n", 1, 3, &genre) == 0) {
      |                                                     ^~~~~~
      |                                                     |
      |                                                     int **
In file included from ..\src\Game\InputGame.h:11,
                 from ..\src\Game\InputGame.c:11:
..\src\Game\../General.h:16:8: note: expected 'int *' but argument is of type 'int **'
   16 |   int *number1);
      |   ~~~~~^~~~~~~
gcc -O0 -g3 -Wall -c -fmessage-length=0 -o "src\\Game\\GameController.o" "..\\src\\Game\\GameController.c" 
gcc -O0 -g3 -Wall -c -fmessage-length=0 -o "src\\Relationships\\Relationships_ArcadePlayroomAndGames.o" "..\\src\\Relationships\\Relationships_ArcadePlayroomAndGames.c" 
gcc -o Parcial-Laboratorio-2.exe "src\\Arcade\\Arcade.o" "src\\Arcade\\ArcadeController.o" "src\\Game\\Game.o" "src\\Game\\GameController.o" "src\\Game\\InputGame.o" "src\\General.o" "src\\LinkedList.o" "src\\Parcial-Laboratorio-2.o" "src\\Parser.o" "src\\Playroom\\InputPlayroom.o" "src\\Playroom\\Playroom.o" "src\\Playroom\\PlayroomController.o" "src\\Relationships\\Relationships_ArcadePlayroomAndGames.o" 
19:22:08 **** Incremental Build of configuration Debug for project Parcial-Laboratorio-2 ****
Info: Internal Builder is used for build
gcc -O0 -g3 -Wall -c -fmessage-length=0 -o "src\\Game\\InputGame.o" "..\\src\\Game\\InputGame.c" 
gcc -o Parcial-Laboratorio-2.exe "src\\Arcade\\Arcade.o" "src\\Arcade\\ArcadeController.o" "src\\Game\\Game.o" "src\\Game\\GameController.o" "src\\Game\\InputGame.o" "src\\General.o" "src\\LinkedList.o" "src\\Parcial-Laboratorio-2.o" "src\\Parser.o" "src\\Playroom\\InputPlayroom.o" "src\\Playroom\\Playroom.o" "src\\Playroom\\PlayroomController.o" "src\\Relationships\\Relationships_ArcadePlayroomAndGames.o" 
Info: Nothing to build for Parcial-Laboratorio-2
19:23:14 **** Incremental Build of configuration Debug for project Parcial-Laboratorio-2 ****
Info: Internal Builder is used for build
gcc -O0 -g3 -Wall -c -fmessage-length=0 -o "src\\Parcial-Laboratorio-2.o" "..\\src\\Parcial-Laboratorio-2.c" 
gcc -o Parcial-Laboratorio-2.exe "src\\Arcade\\Arcade.o" "src\\Arcade\\ArcadeController.o" "src\\Game\\Game.o" "src\\Game\\GameController.o" "src\\Game\\InputGame.o" "src\\General.o" "src\\LinkedList.o" "src\\Parcial-Laboratorio-2.o" "src\\Parser.o" "src\\Playroom\\InputPlayroom.o" "src\\Playroom\\Playroom.o" "src\\Playroom\\PlayroomController.o" "src\\Relationships\\Relationships_ArcadePlayroomAndGames.o" 
